This is pdfTeX, Version 3.1415926-2.4-1.40.13 (MiKTeX 2.9 64-bit) (preloaded format=pdflatex 2017.10.8)  8 NOV 2017 10:28
entering extended mode
**Dedicationpage.tex
(C:\Users\Narayanan\Desktop\Report\Dedicationpage.tex
LaTeX2e <2011/06/27>
Babel <v3.8m> and hyphenation patterns for english, afrikaans, ancientgreek, ar
abic, armenian, assamese, basque, bengali, bokmal, bulgarian, catalan, coptic, 
croatian, czech, danish, dutch, esperanto, estonian, farsi, finnish, french, ga
lician, german, german-x-2012-05-30, greek, gujarati, hindi, hungarian, iceland
ic, indonesian, interlingua, irish, italian, kannada, kurmanji, latin, latvian,
 lithuanian, malayalam, marathi, mongolian, mongolianlmc, monogreek, ngerman, n
german-x-2012-05-30, nynorsk, oriya, panjabi, pinyin, polish, portuguese, roman
ian, russian, sanskrit, serbian, slovak, slovenian, spanish, swedish, swissgerm
an, tamil, telugu, turkish, turkmen, ukenglish, ukrainian, uppersorbian, usengl
ishmax, welsh, loaded.

! LaTeX Error: Missing \begin{document}.

See the LaTeX manual or LaTeX Companion for explanation.
Type  H <return>  for immediate help.
 ...                                              
                                                  
l.2 \begin{center}
                  
You're in trouble here.  Try typing  <return>  to proceed.
If that doesn't work, type  X <return>  to quit.


Overfull \hbox (20.0pt too wide) in paragraph at lines 2--2
[] 
 []


Overfull \hbox (42.77171pt too wide) in paragraph at lines 3--4
 \OT1/cmr/bx/it/10 Dedicted 
 []


Overfull \hbox (9.761pt too wide) in paragraph at lines 3--4
 \OT1/cmr/bx/it/10 to 
 []


Overfull \hbox (15.06097pt too wide) in paragraph at lines 3--4
 \OT1/cmr/bx/it/10 my 
 []


Overfull \hbox (20.39424pt too wide) in paragraph at lines 3--4
 \OT1/cmr/bx/it/10 par- 
 []


Overfull \hbox (21.35812pt too wide) in paragraph at lines 3--4
 \OT1/cmr/bx/it/10 ents 
 []

)
! Emergency stop.
<*> Dedicationpage.tex
                      
*** (job aborted, no legal \end found)

 
Here is how much of TeX's memory you used:
 12 strings out of 493921
 273 string characters out of 3147270
 49031 words of memory out of 3000000
 3403 multiletter control sequences out of 15000+200000
 4307 words of font info for 16 fonts, out of 3000000 for 9000
 841 hyphenation exceptions out of 8191
 14i,1n,11p,78b,149s stack positions out of 5000i,500n,10000p,200000b,50000s
!  ==> Fatal error occurred, no output PDF file produced!
